[08:30:47] [ServerMain/INFO]: Environment: Environment[sessionHost=https://sessionserver.mojang.com, servicesHost=https://api.minecraftservices.com, profilesHost=https://api.mojang.com, name=PROD]
[08:30:49] [ServerMain/INFO]: Loaded 1470 recipes
[08:30:49] [ServerMain/INFO]: Loaded 1584 advancements
[08:30:49] [Server thread/INFO]: Starting minecraft server version 1.21.11
[08:30:49] [Server thread/INFO]: Loading properties
[08:30:49] [Server thread/INFO]: Default game type: SURVIVAL
[08:30:49] [Server thread/INFO]: Generating keypair
[08:30:49] [Server thread/INFO]: Starting Minecraft server on *:25565
[08:30:49] [Server thread/WARN]: **** SERVER IS RUNNING IN OFFLINE/INSECURE MODE!
[08:30:49] [Server thread/WARN]: The server will make no attempt to authenticate usernames. Beware.
[08:30:49] [Server thread/WARN]: While this makes the game possible to play without internet access, it also opens up the ability for hackers to connect with any username they choose.
[08:30:49] [Server thread/WARN]: To change this, set "online-mode" to "true" in the server.properties file.
[08:30:49] [Server thread/INFO]: Preparing level "world"
[08:30:49] [Server thread/INFO]: Loading 0 persistent chunks...
[08:30:49] [Server thread/INFO]: Preparing spawn area: 100%
[08:30:49] [Server thread/INFO]: Time elapsed: 11 ms
[08:30:49] [Server thread/INFO]: Done (0.393s)! For help, type "help"
[08:30:58] [Server thread/INFO]: D3F1X[/172.19.0.1:39468] logged in with entity id 14 at (5.5, 95.0, -9.5)
[08:30:58] [Server thread/INFO]: D3F1X joined the game
[08:31:10] [Server thread/INFO]: Unknown or incomplete command. See below for error
[08:31:10] [Server thread/INFO]: echo hello<--[HERE]
[08:31:17] [Server thread/INFO]: Unknown or incomplete command. See below for error
[08:31:17] [Server thread/INFO]: echo 'hello'<--[HERE]
[08:31:21] [Server thread/INFO]: Unknown or incomplete command. See below for error
[08:31:21] [Server thread/INFO]: say<--[HERE]
[08:31:24] [Server thread/INFO]: [Not Secure] [Server] hello
[08:31:24] [Server thread/INFO]: /advancement (grant|revoke)
[08:31:24] [Server thread/INFO]: /attribute <target> <attribute> (get|base|modifier)
[08:31:24] [Server thread/INFO]: /execute (run|if|unless|as|at|store|positioned|rotated|facing|align|anchored|in|summon|on)
[08:31:24] [Server thread/INFO]: /bossbar (add|remove|list|set|get)
[08:31:24] [Server thread/INFO]: /clear [<targets>]
[08:31:24] [Server thread/INFO]: /clone (<begin>|from)
[08:31:24] [Server thread/INFO]: /damage <target> <amount> [<damageType>]
[08:31:24] [Server thread/INFO]: /data (merge|get|remove|modify)
[08:31:24] [Server thread/INFO]: /datapack (enable|disable|list|create)
[08:31:24] [Server thread/INFO]: /debug (start|stop|function)
[08:31:24] [Server thread/INFO]: /defaultgamemode <gamemode>
[08:31:24] [Server thread/INFO]: /dialog (show|clear)
[08:31:24] [Server thread/INFO]: /difficulty [peaceful|easy|normal|hard]
[08:31:24] [Server thread/INFO]: /effect (clear|give)
[08:31:24] [Server thread/INFO]: /me <action>
[08:31:24] [Server thread/INFO]: /enchant <targets> <enchantment> [<level>]
[08:31:24] [Server thread/INFO]: /experience (add|set|query)
[08:31:24] [Server thread/INFO]: /xp -> experience
[08:31:24] [Server thread/INFO]: /fill <from> <to> <block> [outline|hollow|destroy|strict|replace|keep]
[08:31:24] [Server thread/INFO]: /fillbiome <from> <to> <biome> [replace]
[08:31:24] [Server thread/INFO]: /forceload (add|remove|query)
[08:31:24] [Server thread/INFO]: /function <name> [<arguments>|with]
[08:31:24] [Server thread/INFO]: /gamemode <gamemode> [<target>]
[08:31:24] [Server thread/INFO]: /gamerule (command_block_output|minecraft:command_block_output|elytra_movement_check|minecraft:elytra_movement_check|advance_time|minecraft:advance_time|global_sound_events|minecraft:global_sound_events|fire_spread_radius_around_player|minecraft:fire_spread_radius_around_player|log_admin_commands|minecraft:log_admin_commands|block_drops|minecraft:block_drops|mob_explosion_drop_decay|minecraft:mob_explosion_drop_decay|player_movement_check|minecraft:player_movement_check|lava_source_conversion|minecraft:lava_source_conversion|respawn_radius|minecraft:respawn_radius|tnt_explosion_drop_decay|minecraft:tnt_explosion_drop_decay|send_command_feedback|minecraft:send_command_feedback|advance_weather|minecraft:advance_weather|spectators_generate_chunks|minecraft:spectators_generate_chunks|spawner_blocks_work|minecraft:spawner_blocks_work|freeze_damage|minecraft:freeze_damage|ender_pearls_vanish_on_death|minecraft:ender_pearls_vanish_on_death|players_sleeping_percentage|minecraft:players_sleeping_percentage|max_command_sequence_length|minecraft:max_command_sequence_length|forgive_dead_players|minecraft:forgive_dead_players|fall_damage|minecraft:fall_damage|projectiles_can_break_blocks|minecraft:projectiles_can_break_blocks|spawn_wandering_traders|minecraft:spawn_wandering_traders|max_block_modifications|minecraft:max_block_modifications|spawn_phantoms|minecraft:spawn_phantoms|water_source_conversion|minecraft:water_source_conversion|mob_drops|minecraft:mob_drops|pvp|minecraft:pvp|spawn_monsters|minecraft:spawn_monsters|drowning_damage|minecraft:drowning_damage|allow_entering_nether_using_portals|minecraft:allow_entering_nether_using_portals|tnt_explodes|minecraft:tnt_explodes|spread_vines|minecraft:spread_vines|max_entity_cramming|minecraft:max_entity_cramming|limited_crafting|minecraft:limited_crafting|spawn_wardens|minecraft:spawn_wardens|reduced_debug_info|minecraft:reduced_debug_info|max_command_forks|minecraft:max_command_forks|immediate_respawn|minecraft:immediate_respawn|universal_anger|minecraft:universal_anger|fire_damage|minecraft:fire_damage|show_death_messages|minecraft:show_death_messages|mob_griefing|minecraft:mob_griefing|keep_inventory|minecraft:keep_inventory|spawn_mobs|minecraft:spawn_mobs|players_nether_portal_default_delay|minecraft:players_nether_portal_default_delay|players_nether_portal_creative_delay|minecraft:players_nether_portal_creative_delay|raids|minecraft:raids|show_advancement_messages|minecraft:show_advancement_messages|random_tick_speed|minecraft:random_tick_speed|command_blocks_work|minecraft:command_blocks_work|locator_bar|minecraft:locator_bar|natural_health_regeneration|minecraft:natural_health_regeneration|block_explosion_drop_decay|minecraft:block_explosion_drop_decay|max_snow_accumulation_height|minecraft:max_snow_accumulation_height|spawn_patrols|minecraft:spawn_patrols|entity_drops|minecraft:entity_drops)
[08:31:24] [Server thread/INFO]: /give <targets> <item> [<count>]
[08:31:24] [Server thread/INFO]: /help [<command>]
[08:31:24] [Server thread/INFO]: /item (replace|modify)
[08:31:24] [Server thread/INFO]: /kick <targets> [<reason>]
[08:31:24] [Server thread/INFO]: /kill [<targets>]
[08:31:24] [Server thread/INFO]: /list [uuids]
[08:31:24] [Server thread/INFO]: /locate (structure|biome|poi)
[08:31:24] [Server thread/INFO]: /loot (replace|insert|give|spawn)
[08:31:24] [Server thread/INFO]: /msg <targets> <message>
[08:31:24] [Server thread/INFO]: /tell -> msg
[08:31:24] [Server thread/INFO]: /w -> msg
[08:31:24] [Server thread/INFO]: /particle <name> [<pos>]
[08:31:24] [Server thread/INFO]: /place (feature|jigsaw|structure|template)
[08:31:24] [Server thread/INFO]: /playsound <sound> [master|music|record|weather|block|hostile|neutral|player|ambient|voice|ui]
[08:31:24] [Server thread/INFO]: /random (value|roll|reset)
[08:31:24] [Server thread/INFO]: /reload
[08:31:24] [Server thread/INFO]: /recipe (give|take)
[08:31:24] [Server thread/INFO]: /fetchprofile (name|id)
[08:31:24] [Server thread/INFO]: /return (<value>|fail|run)
[08:31:24] [Server thread/INFO]: /ride <target> (mount|dismount)
[08:31:24] [Server thread/INFO]: /rotate <target> (<rotation>|facing)
[08:31:24] [Server thread/INFO]: /say <message>
[08:31:24] [Server thread/INFO]: /schedule (function|clear)
[08:31:24] [Server thread/INFO]: /scoreboard (objectives|players)
[08:31:24] [Server thread/INFO]: /seed
[08:31:24] [Server thread/INFO]: /version
[08:31:24] [Server thread/INFO]: /setblock <pos> <block> [destroy|keep|replace|strict]
[08:31:24] [Server thread/INFO]: /spawnpoint [<targets>]
[08:31:24] [Server thread/INFO]: /setworldspawn [<pos>]
[08:31:24] [Server thread/INFO]: /spectate [<target>]
[08:31:24] [Server thread/INFO]: /spreadplayers <center> <spreadDistance> <maxRange> (<respectTeams>|under)
[08:31:24] [Server thread/INFO]: /stopsound <targets> [*|master|music|record|weather|block|hostile|neutral|player|ambient|voice|ui]
[08:31:24] [Server thread/INFO]: /stopwatch (create|query|restart|remove)
[08:31:24] [Server thread/INFO]: /summon <entity> [<pos>]
[08:31:24] [Server thread/INFO]: /tag <targets> (add|remove|list)
[08:31:24] [Server thread/INFO]: /team (list|add|remove|empty|join|leave|modify)
[08:31:24] [Server thread/INFO]: /teammsg <message>
[08:31:24] [Server thread/INFO]: /tm -> teammsg
[08:31:24] [Server thread/INFO]: /teleport (<location>|<destination>|<targets>)
[08:31:24] [Server thread/INFO]: /tp -> teleport
[08:31:24] [Server thread/INFO]: /tellraw <targets> <message>
[08:31:24] [Server thread/INFO]: /test (run|runmultiple|runthese|runclosest|runthat|runfailed|verify|locate|resetclosest|resetthese|resetthat|clearthat|clearthese|clearall|stop|pos|create)
[08:31:24] [Server thread/INFO]: /tick (query|rate|step|sprint|unfreeze|freeze)
[08:31:24] [Server thread/INFO]: /time (set|add|query)
[08:31:24] [Server thread/INFO]: /title <targets> (clear|reset|title|subtitle|actionbar|times)
[08:31:24] [Server thread/INFO]: /trigger <objective> [add|set]
[08:31:24] [Server thread/INFO]: /waypoint (list|modify)
[08:31:24] [Server thread/INFO]: /weather (clear|rain|thunder)
[08:31:24] [Server thread/INFO]: /worldborder (add|set|center|damage|get|warning)
[08:31:24] [Server thread/INFO]: /jfr (start|stop)
[08:31:24] [Server thread/INFO]: /ban-ip <target> [<reason>]
[08:31:24] [Server thread/INFO]: /banlist [ips|players]
[08:31:24] [Server thread/INFO]: /ban <targets> [<reason>]
[08:31:24] [Server thread/INFO]: /deop <targets>
[08:31:24] [Server thread/INFO]: /op <targets>
[08:31:24] [Server thread/INFO]: /pardon <targets>
[08:31:24] [Server thread/INFO]: /pardon-ip <target>
[08:31:24] [Server thread/INFO]: /perf (start|stop)
[08:31:24] [Server thread/INFO]: /save-all [flush]
[08:31:24] [Server thread/INFO]: /save-off
[08:31:24] [Server thread/INFO]: /save-on
[08:31:24] [Server thread/INFO]: /setidletimeout <minutes>
[08:31:24] [Server thread/INFO]: /stop
[08:31:24] [Server thread/INFO]: /transfer <hostname> [<port>]
[08:31:24] [Server thread/INFO]: /whitelist (on|off|list|add|remove|reload)
[08:31:27] [Server thread/INFO]: [Not Secure] [Server] hello
[08:31:32] [Server thread/INFO]: [Not Secure] [Server] ban D3F1X
[08:31:42] [Server thread/INFO]: [Not Secure] [Server] /ban D3F1X
[08:31:46] [Server thread/WARN]: Mismatch in destroy block pos: is{x=0, y=0, z=0} is{x=9, y=94, z=-7}
[08:31:46] [Server thread/WARN]: Mismatch in destroy block pos: is{x=0, y=0, z=0} is{x=7, y=94, z=-5}
[08:31:46] [Server thread/WARN]: Mismatch in destroy block pos: is{x=0, y=0, z=0} is{x=7, y=94, z=-5}
[08:31:50] [Server thread/INFO]: [Not Secure] [Server] иди нахуй
[08:31:55] [Server thread/WARN]: Mismatch in destroy block pos: is{x=0, y=0, z=0} is{x=1, y=95, z=-1}
[08:31:55] [Server thread/WARN]: Mismatch in destroy block pos: is{x=0, y=0, z=0} is{x=0, y=95, z=-1}
[08:32:17] [Server thread/INFO]: Stopping server
